The system is: Linux - 5.15.0-101-generic - x86_64
Compiling the C compiler identification source file "CMakeCCompilerId.c" succeeded.
Compiler: /opt/gcc-14.1.0/bin/gcc 
Build flags: 
Id flags:  

The output was:
0


Compilation of the C compiler identification source "CMakeCCompilerId.c" produced "a.out"

The C compiler identification is GNU, found in "/root/projects/lab/oop/me/2/build/CMakeFiles/3.22.1/CompilerIdC/a.out"

Compiling the CXX compiler identification source file "CMakeCXXCompilerId.cpp" succeeded.
Compiler: /opt/gcc-14.1.0/bin/g++ 
Build flags: 
Id flags:  

The output was:
0


Compilation of the CXX compiler identification source "CMakeCXXCompilerId.cpp" produced "a.out"

The CXX compiler identification is GNU, found in "/root/projects/lab/oop/me/2/build/CMakeFiles/3.22.1/CompilerIdCXX/a.out"

Detecting C compiler ABI info compiled with the following output:
Change Dir: /root/projects/lab/oop/me/2/build/CMakeFiles/CMakeTmp

Run Build Command(s):/usr/bin/gmake -f Makefile cmTC_fd01e/fast && /usr/bin/gmake  -f CMakeFiles/cmTC_fd01e.dir/build.make CMakeFiles/cmTC_fd01e.dir/build
gmake[1]: Entering directory '/usr/share/projects/lab/oop/me/2/build/CMakeFiles/CMakeTmp'
Building C object CMakeFiles/cmTC_fd01e.dir/CMakeCCompilerABI.c.o
/opt/gcc-14.1.0/bin/gcc   -v -o CMakeFiles/cmTC_fd01e.dir/CMakeCCompilerABI.c.o -c /usr/share/cmake-3.22/Modules/CMakeCCompilerABI.c
Using built-in specs.
COLLECT_GCC=/opt/gcc-14.1.0/bin/gcc
Target: x86_64-linux-gnu
Configured with: ./configure -v --build=x86_64-linux-gnu --host=x86_64-linux-gnu --target=x86_64-linux-gnu --prefix=/usr/local/gcc-14.1.0 --enable-checking=release --enable-languages=c,c++ --disable-multilib --program-suffix=-14.1.0
Thread model: posix
Supported LTO compression algorithms: zlib
gcc version 14.1.0 (GCC) 
COLLECT_GCC_OPTIONS='-v' '-o' 'CMakeFiles/cmTC_fd01e.dir/CMakeCCompilerABI.c.o' '-c' '-mtune=generic' '-march=x86-64' '-dumpdir' 'CMakeFiles/cmTC_fd01e.dir/'
 /opt/gcc-14.1.0/bin/../libexec/gcc/x86_64-linux-gnu/14.1.0/cc1 -quiet -v -imultiarch x86_64-linux-gnu -iprefix /opt/gcc-14.1.0/bin/../lib/gcc/x86_64-linux-gnu/14.1.0/ /usr/share/cmake-3.22/Modules/CMakeCCompilerABI.c -quiet -dumpdir CMakeFiles/cmTC_fd01e.dir/ -dumpbase CMakeCCompilerABI.c.c -dumpbase-ext .c -mtune=generic -march=x86-64 -version -o /tmp/cc5Jkdrt.s
GNU C17 (GCC) version 14.1.0 (x86_64-linux-gnu)
	compiled by GNU C version 14.1.0, GMP version 6.2.1, MPFR version 4.1.0, MPC version 1.2.1, isl version none
GGC heuristics: --param ggc-min-expand=100 --param ggc-min-heapsize=131072
ignoring nonexistent directory "/opt/gcc-14.1.0/bin/../lib/gcc/x86_64-linux-gnu/14.1.0/../../../../x86_64-linux-gnu/include"
ignoring duplicate directory "/opt/gcc-14.1.0/bin/../lib/gcc/../../lib/gcc/x86_64-linux-gnu/14.1.0/include"
ignoring nonexistent directory "/usr/local/include/x86_64-linux-gnu"
ignoring duplicate directory "/opt/gcc-14.1.0/bin/../lib/gcc/../../lib/gcc/x86_64-linux-gnu/14.1.0/include-fixed/x86_64-linux-gnu"
ignoring duplicate directory "/opt/gcc-14.1.0/bin/../lib/gcc/../../lib/gcc/x86_64-linux-gnu/14.1.0/include-fixed"
ignoring nonexistent directory "/opt/gcc-14.1.0/bin/../lib/gcc/../../lib/gcc/x86_64-linux-gnu/14.1.0/../../../../x86_64-linux-gnu/include"
#include "..." search starts here:
#include <...> search starts here:
 /opt/gcc-14.1.0/bin/../lib/gcc/x86_64-linux-gnu/14.1.0/include
 /opt/gcc-14.1.0/bin/../lib/gcc/x86_64-linux-gnu/14.1.0/include-fixed/x86_64-linux-gnu
 /opt/gcc-14.1.0/bin/../lib/gcc/x86_64-linux-gnu/14.1.0/include-fixed
 /usr/local/include
 /opt/gcc-14.1.0/bin/../lib/gcc/../../include
 /usr/include/x86_64-linux-gnu
 /usr/include
End of search list.
Compiler executable checksum: 3564c27611fbad587a4118be81965826
COLLECT_GCC_OPTIONS='-v' '-o' 'CMakeFiles/cmTC_fd01e.dir/CMakeCCompilerABI.c.o' '-c' '-mtune=generic' '-march=x86-64' '-dumpdir' 'CMakeFiles/cmTC_fd01e.dir/'
 as -v --64 -o CMakeFiles/cmTC_fd01e.dir/CMakeCCompilerABI.c.o /tmp/cc5Jkdrt.s
GNU assembler version 2.38 (x86_64-linux-gnu) using BFD version (GNU Binutils for Ubuntu) 2.38
COMPILER_PATH=/opt/gcc-14.1.0/bin/../libexec/gcc/x86_64-linux-gnu/14.1.0/:/opt/gcc-14.1.0/bin/../libexec/gcc/x86_64-linux-gnu/:/opt/gcc-14.1.0/bin/../libexec/gcc/
LIBRARY_PATH=/opt/gcc-14.1.0/bin/../lib/gcc/x86_64-linux-gnu/14.1.0/:/opt/gcc-14.1.0/bin/../lib/gcc/x86_64-linux-gnu/:/opt/gcc-14.1.0/bin/../lib/gcc/:/opt/gcc-14.1.0/bin/../lib/gcc/x86_64-linux-gnu/14.1.0/../../../../lib64/:/lib/x86_64-linux-gnu/:/lib/../lib64/:/usr/lib/x86_64-linux-gnu/:/usr/lib/../lib64/:/opt/gcc-14.1.0/bin/../lib/gcc/x86_64-linux-gnu/14.1.0/../../../:/lib/:/usr/lib/
COLLECT_GCC_OPTIONS='-v' '-o' 'CMakeFiles/cmTC_fd01e.dir/CMakeCCompilerABI.c.o' '-c' '-mtune=generic' '-march=x86-64' '-dumpdir' 'CMakeFiles/cmTC_fd01e.dir/CMakeCCompilerABI.c.'
Linking C executable cmTC_fd01e
/usr/bin/cmake -E cmake_link_script CMakeFiles/cmTC_fd01e.dir/link.txt --verbose=1
/opt/gcc-14.1.0/bin/gcc  -v CMakeFiles/cmTC_fd01e.dir/CMakeCCompilerABI.c.o -o cmTC_fd01e 
Using built-in specs.
COLLECT_GCC=/opt/gcc-14.1.0/bin/gcc
COLLECT_LTO_WRAPPER=/opt/gcc-14.1.0/bin/../libexec/gcc/x86_64-linux-gnu/14.1.0/lto-wrapper
Target: x86_64-linux-gnu
Configured with: ./configure -v --build=x86_64-linux-gnu --host=x86_64-linux-gnu --target=x86_64-linux-gnu --prefix=/usr/local/gcc-14.1.0 --enable-checking=release --enable-languages=c,c++ --disable-multilib --program-suffix=-14.1.0
Thread model: posix
Supported LTO compression algorithms: zlib
gcc version 14.1.0 (GCC) 
COMPILER_PATH=/opt/gcc-14.1.0/bin/../libexec/gcc/x86_64-linux-gnu/14.1.0/:/opt/gcc-14.1.0/bin/../libexec/gcc/x86_64-linux-gnu/:/opt/gcc-14.1.0/bin/../libexec/gcc/
LIBRARY_PATH=/opt/gcc-14.1.0/bin/../lib/gcc/x86_64-linux-gnu/14.1.0/:/opt/gcc-14.1.0/bin/../lib/gcc/x86_64-linux-gnu/:/opt/gcc-14.1.0/bin/../lib/gcc/:/opt/gcc-14.1.0/bin/../lib/gcc/x86_64-linux-gnu/14.1.0/../../../../lib64/:/lib/x86_64-linux-gnu/:/lib/../lib64/:/usr/lib/x86_64-linux-gnu/:/usr/lib/../lib64/:/opt/gcc-14.1.0/bin/../lib/gcc/x86_64-linux-gnu/14.1.0/../../../:/lib/:/usr/lib/
COLLECT_GCC_OPTIONS='-v' '-o' 'cmTC_fd01e' '-mtune=generic' '-march=x86-64' '-dumpdir' 'cmTC_fd01e.'
 /opt/gcc-14.1.0/bin/../libexec/gcc/x86_64-linux-gnu/14.1.0/collect2 -plugin /opt/gcc-14.1.0/bin/../libexec/gcc/x86_64-linux-gnu/14.1.0/liblto_plugin.so -plugin-opt=/opt/gcc-14.1.0/bin/../libexec/gcc/x86_64-linux-gnu/14.1.0/lto-wrapper -plugin-opt=-fresolution=/tmp/ccm2TRBL.res -plugin-opt=-pass-through=-lgcc -plugin-opt=-pass-through=-lgcc_s -plugin-opt=-pass-through=-lc -plugin-opt=-pass-through=-lgcc -plugin-opt=-pass-through=-lgcc_s --eh-frame-hdr -m elf_x86_64 -dynamic-linker /lib64/ld-linux-x86-64.so.2 -o cmTC_fd01e /lib/x86_64-linux-gnu/crt1.o /lib/x86_64-linux-gnu/crti.o /opt/gcc-14.1.0/bin/../lib/gcc/x86_64-linux-gnu/14.1.0/crtbegin.o -L/opt/gcc-14.1.0/bin/../lib/gcc/x86_64-linux-gnu/14.1.0 -L/opt/gcc-14.1.0/bin/../lib/gcc/x86_64-linux-gnu -L/opt/gcc-14.1.0/bin/../lib/gcc -L/opt/gcc-14.1.0/bin/../lib/gcc/x86_64-linux-gnu/14.1.0/../../../../lib64 -L/lib/x86_64-linux-gnu -L/lib/../lib64 -L/usr/lib/x86_64-linux-gnu -L/usr/lib/../lib64 -L/opt/gcc-14.1.0/bin/../lib/gcc/x86_64-linux-gnu/14.1.0/../../.. CMakeFiles/cmTC_fd01e.dir/CMakeCCompilerABI.c.o -lgcc --push-state --as-needed -lgcc_s --pop-state -lc -lgcc --push-state --as-needed -lgcc_s --pop-state /opt/gcc-14.1.0/bin/../lib/gcc/x86_64-linux-gnu/14.1.0/crtend.o /lib/x86_64-linux-gnu/crtn.o
COLLECT_GCC_OPTIONS='-v' '-o' 'cmTC_fd01e' '-mtune=generic' '-march=x86-64' '-dumpdir' 'cmTC_fd01e.'
gmake[1]: Leaving directory '/usr/share/projects/lab/oop/me/2/build/CMakeFiles/CMakeTmp'



Parsed C implicit include dir info from above output: rv=done
  found start of include info
  found start of implicit include info
    add: [/opt/gcc-14.1.0/bin/../lib/gcc/x86_64-linux-gnu/14.1.0/include]
    add: [/opt/gcc-14.1.0/bin/../lib/gcc/x86_64-linux-gnu/14.1.0/include-fixed/x86_64-linux-gnu]
    add: [/opt/gcc-14.1.0/bin/../lib/gcc/x86_64-linux-gnu/14.1.0/include-fixed]
    add: [/usr/local/include]
    add: [/opt/gcc-14.1.0/bin/../lib/gcc/../../include]
    add: [/usr/include/x86_64-linux-gnu]
    add: [/usr/include]
  end of search list found
  collapse include dir [/opt/gcc-14.1.0/bin/../lib/gcc/x86_64-linux-gnu/14.1.0/include] ==> [/opt/gcc-14.1.0/lib/gcc/x86_64-linux-gnu/14.1.0/include]
  collapse include dir [/opt/gcc-14.1.0/bin/../lib/gcc/x86_64-linux-gnu/14.1.0/include-fixed/x86_64-linux-gnu] ==> [/opt/gcc-14.1.0/lib/gcc/x86_64-linux-gnu/14.1.0/include-fixed/x86_64-linux-gnu]
  collapse include dir [/opt/gcc-14.1.0/bin/../lib/gcc/x86_64-linux-gnu/14.1.0/include-fixed] ==> [/opt/gcc-14.1.0/lib/gcc/x86_64-linux-gnu/14.1.0/include-fixed]
  collapse include dir [/usr/local/include] ==> [/usr/local/include]
  collapse include dir [/opt/gcc-14.1.0/bin/../lib/gcc/../../include] ==> [/opt/gcc-14.1.0/include]
  collapse include dir [/usr/include/x86_64-linux-gnu] ==> [/usr/include/x86_64-linux-gnu]
  collapse include dir [/usr/include] ==> [/usr/include]
  implicit include dirs: [/opt/gcc-14.1.0/lib/gcc/x86_64-linux-gnu/14.1.0/include;/opt/gcc-14.1.0/lib/gcc/x86_64-linux-gnu/14.1.0/include-fixed/x86_64-linux-gnu;/opt/gcc-14.1.0/lib/gcc/x86_64-linux-gnu/14.1.0/include-fixed;/usr/local/include;/opt/gcc-14.1.0/include;/usr/include/x86_64-linux-gnu;/usr/include]


Parsed C implicit link information from above output:
  link line regex: [^( *|.*[/\])(ld|CMAKE_LINK_STARTFILE-NOTFOUND|([^/\]+-)?ld|collect2)[^/\]*( |$)]
  ignore line: [Change Dir: /root/projects/lab/oop/me/2/build/CMakeFiles/CMakeTmp]
  ignore line: []
  ignore line: [Run Build Command(s):/usr/bin/gmake -f Makefile cmTC_fd01e/fast && /usr/bin/gmake  -f CMakeFiles/cmTC_fd01e.dir/build.make CMakeFiles/cmTC_fd01e.dir/build]
  ignore line: [gmake[1]: Entering directory '/usr/share/projects/lab/oop/me/2/build/CMakeFiles/CMakeTmp']
  ignore line: [Building C object CMakeFiles/cmTC_fd01e.dir/CMakeCCompilerABI.c.o]
  ignore line: [/opt/gcc-14.1.0/bin/gcc   -v -o CMakeFiles/cmTC_fd01e.dir/CMakeCCompilerABI.c.o -c /usr/share/cmake-3.22/Modules/CMakeCCompilerABI.c]
  ignore line: [Using built-in specs.]
  ignore line: [COLLECT_GCC=/opt/gcc-14.1.0/bin/gcc]
  ignore line: [Target: x86_64-linux-gnu]
  ignore line: [Configured with: ./configure -v --build=x86_64-linux-gnu --host=x86_64-linux-gnu --target=x86_64-linux-gnu --prefix=/usr/local/gcc-14.1.0 --enable-checking=release --enable-languages=c c++ --disable-multilib --program-suffix=-14.1.0]
  ignore line: [Thread model: posix]
  ignore line: [Supported LTO compression algorithms: zlib]
  ignore line: [gcc version 14.1.0 (GCC) ]
  ignore line: [COLLECT_GCC_OPTIONS='-v' '-o' 'CMakeFiles/cmTC_fd01e.dir/CMakeCCompilerABI.c.o' '-c' '-mtune=generic' '-march=x86-64' '-dumpdir' 'CMakeFiles/cmTC_fd01e.dir/']
  ignore line: [ /opt/gcc-14.1.0/bin/../libexec/gcc/x86_64-linux-gnu/14.1.0/cc1 -quiet -v -imultiarch x86_64-linux-gnu -iprefix /opt/gcc-14.1.0/bin/../lib/gcc/x86_64-linux-gnu/14.1.0/ /usr/share/cmake-3.22/Modules/CMakeCCompilerABI.c -quiet -dumpdir CMakeFiles/cmTC_fd01e.dir/ -dumpbase CMakeCCompilerABI.c.c -dumpbase-ext .c -mtune=generic -march=x86-64 -version -o /tmp/cc5Jkdrt.s]
  ignore line: [GNU C17 (GCC) version 14.1.0 (x86_64-linux-gnu)]
  ignore line: [	compiled by GNU C version 14.1.0  GMP version 6.2.1  MPFR version 4.1.0  MPC version 1.2.1  isl version none]
  ignore line: [GGC heuristics: --param ggc-min-expand=100 --param ggc-min-heapsize=131072]
  ignore line: [ignoring nonexistent directory "/opt/gcc-14.1.0/bin/../lib/gcc/x86_64-linux-gnu/14.1.0/../../../../x86_64-linux-gnu/include"]
  ignore line: [ignoring duplicate directory "/opt/gcc-14.1.0/bin/../lib/gcc/../../lib/gcc/x86_64-linux-gnu/14.1.0/include"]
  ignore line: [ignoring nonexistent directory "/usr/local/include/x86_64-linux-gnu"]
  ignore line: [ignoring duplicate directory "/opt/gcc-14.1.0/bin/../lib/gcc/../../lib/gcc/x86_64-linux-gnu/14.1.0/include-fixed/x86_64-linux-gnu"]
  ignore line: [ignoring duplicate directory "/opt/gcc-14.1.0/bin/../lib/gcc/../../lib/gcc/x86_64-linux-gnu/14.1.0/include-fixed"]
  ignore line: [ignoring nonexistent directory "/opt/gcc-14.1.0/bin/../lib/gcc/../../lib/gcc/x86_64-linux-gnu/14.1.0/../../../../x86_64-linux-gnu/include"]
  ignore line: [#include "..." search starts here:]
  ignore line: [#include <...> search starts here:]
  ignore line: [ /opt/gcc-14.1.0/bin/../lib/gcc/x86_64-linux-gnu/14.1.0/include]
  ignore line: [ /opt/gcc-14.1.0/bin/../lib/gcc/x86_64-linux-gnu/14.1.0/include-fixed/x86_64-linux-gnu]
  ignore line: [ /opt/gcc-14.1.0/bin/../lib/gcc/x86_64-linux-gnu/14.1.0/include-fixed]
  ignore line: [ /usr/local/include]
  ignore line: [ /opt/gcc-14.1.0/bin/../lib/gcc/../../include]
  ignore line: [ /usr/include/x86_64-linux-gnu]
  ignore line: [ /usr/include]
  ignore line: [End of search list.]
  ignore line: [Compiler executable checksum: 3564c27611fbad587a4118be81965826]
  ignore line: [COLLECT_GCC_OPTIONS='-v' '-o' 'CMakeFiles/cmTC_fd01e.dir/CMakeCCompilerABI.c.o' '-c' '-mtune=generic' '-march=x86-64' '-dumpdir' 'CMakeFiles/cmTC_fd01e.dir/']
  ignore line: [ as -v --64 -o CMakeFiles/cmTC_fd01e.dir/CMakeCCompilerABI.c.o /tmp/cc5Jkdrt.s]
  ignore line: [GNU assembler version 2.38 (x86_64-linux-gnu) using BFD version (GNU Binutils for Ubuntu) 2.38]
  ignore line: [COMPILER_PATH=/opt/gcc-14.1.0/bin/../libexec/gcc/x86_64-linux-gnu/14.1.0/:/opt/gcc-14.1.0/bin/../libexec/gcc/x86_64-linux-gnu/:/opt/gcc-14.1.0/bin/../libexec/gcc/]
  ignore line: [LIBRARY_PATH=/opt/gcc-14.1.0/bin/../lib/gcc/x86_64-linux-gnu/14.1.0/:/opt/gcc-14.1.0/bin/../lib/gcc/x86_64-linux-gnu/:/opt/gcc-14.1.0/bin/../lib/gcc/:/opt/gcc-14.1.0/bin/../lib/gcc/x86_64-linux-gnu/14.1.0/../../../../lib64/:/lib/x86_64-linux-gnu/:/lib/../lib64/:/usr/lib/x86_64-linux-gnu/:/usr/lib/../lib64/:/opt/gcc-14.1.0/bin/../lib/gcc/x86_64-linux-gnu/14.1.0/../../../:/lib/:/usr/lib/]
  ignore line: [COLLECT_GCC_OPTIONS='-v' '-o' 'CMakeFiles/cmTC_fd01e.dir/CMakeCCompilerABI.c.o' '-c' '-mtune=generic' '-march=x86-64' '-dumpdir' 'CMakeFiles/cmTC_fd01e.dir/CMakeCCompilerABI.c.']
  ignore line: [Linking C executable cmTC_fd01e]
  ignore line: [/usr/bin/cmake -E cmake_link_script CMakeFiles/cmTC_fd01e.dir/link.txt --verbose=1]
  ignore line: [/opt/gcc-14.1.0/bin/gcc  -v CMakeFiles/cmTC_fd01e.dir/CMakeCCompilerABI.c.o -o cmTC_fd01e ]
  ignore line: [Using built-in specs.]
  ignore line: [COLLECT_GCC=/opt/gcc-14.1.0/bin/gcc]
  ignore line: [COLLECT_LTO_WRAPPER=/opt/gcc-14.1.0/bin/../libexec/gcc/x86_64-linux-gnu/14.1.0/lto-wrapper]
  ignore line: [Target: x86_64-linux-gnu]
  ignore line: [Configured with: ./configure -v --build=x86_64-linux-gnu --host=x86_64-linux-gnu --target=x86_64-linux-gnu --prefix=/usr/local/gcc-14.1.0 --enable-checking=release --enable-languages=c c++ --disable-multilib --program-suffix=-14.1.0]
  ignore line: [Thread model: posix]
  ignore line: [Supported LTO compression algorithms: zlib]
  ignore line: [gcc version 14.1.0 (GCC) ]
  ignore line: [COMPILER_PATH=/opt/gcc-14.1.0/bin/../libexec/gcc/x86_64-linux-gnu/14.1.0/:/opt/gcc-14.1.0/bin/../libexec/gcc/x86_64-linux-gnu/:/opt/gcc-14.1.0/bin/../libexec/gcc/]
  ignore line: [LIBRARY_PATH=/opt/gcc-14.1.0/bin/../lib/gcc/x86_64-linux-gnu/14.1.0/:/opt/gcc-14.1.0/bin/../lib/gcc/x86_64-linux-gnu/:/opt/gcc-14.1.0/bin/../lib/gcc/:/opt/gcc-14.1.0/bin/../lib/gcc/x86_64-linux-gnu/14.1.0/../../../../lib64/:/lib/x86_64-linux-gnu/:/lib/../lib64/:/usr/lib/x86_64-linux-gnu/:/usr/lib/../lib64/:/opt/gcc-14.1.0/bin/../lib/gcc/x86_64-linux-gnu/14.1.0/../../../:/lib/:/usr/lib/]
  ignore line: [COLLECT_GCC_OPTIONS='-v' '-o' 'cmTC_fd01e' '-mtune=generic' '-march=x86-64' '-dumpdir' 'cmTC_fd01e.']
  link line: [ /opt/gcc-14.1.0/bin/../libexec/gcc/x86_64-linux-gnu/14.1.0/collect2 -plugin /opt/gcc-14.1.0/bin/../libexec/gcc/x86_64-linux-gnu/14.1.0/liblto_plugin.so -plugin-opt=/opt/gcc-14.1.0/bin/../libexec/gcc/x86_64-linux-gnu/14.1.0/lto-wrapper -plugin-opt=-fresolution=/tmp/ccm2TRBL.res -plugin-opt=-pass-through=-lgcc -plugin-opt=-pass-through=-lgcc_s -plugin-opt=-pass-through=-lc -plugin-opt=-pass-through=-lgcc -plugin-opt=-pass-through=-lgcc_s --eh-frame-hdr -m elf_x86_64 -dynamic-linker /lib64/ld-linux-x86-64.so.2 -o cmTC_fd01e /lib/x86_64-linux-gnu/crt1.o /lib/x86_64-linux-gnu/crti.o /opt/gcc-14.1.0/bin/../lib/gcc/x86_64-linux-gnu/14.1.0/crtbegin.o -L/opt/gcc-14.1.0/bin/../lib/gcc/x86_64-linux-gnu/14.1.0 -L/opt/gcc-14.1.0/bin/../lib/gcc/x86_64-linux-gnu -L/opt/gcc-14.1.0/bin/../lib/gcc -L/opt/gcc-14.1.0/bin/../lib/gcc/x86_64-linux-gnu/14.1.0/../../../../lib64 -L/lib/x86_64-linux-gnu -L/lib/../lib64 -L/usr/lib/x86_64-linux-gnu -L/usr/lib/../lib64 -L/opt/gcc-14.1.0/bin/../lib/gcc/x86_64-linux-gnu/14.1.0/../../.. CMakeFiles/cmTC_fd01e.dir/CMakeCCompilerABI.c.o -lgcc --push-state --as-needed -lgcc_s --pop-state -lc -lgcc --push-state --as-needed -lgcc_s --pop-state /opt/gcc-14.1.0/bin/../lib/gcc/x86_64-linux-gnu/14.1.0/crtend.o /lib/x86_64-linux-gnu/crtn.o]
    arg [/opt/gcc-14.1.0/bin/../libexec/gcc/x86_64-linux-gnu/14.1.0/collect2] ==> ignore
    arg [-plugin] ==> ignore
    arg [/opt/gcc-14.1.0/bin/../libexec/gcc/x86_64-linux-gnu/14.1.0/liblto_plugin.so] ==> ignore
    arg [-plugin-opt=/opt/gcc-14.1.0/bin/../libexec/gcc/x86_64-linux-gnu/14.1.0/lto-wrapper] ==> ignore
    arg [-plugin-opt=-fresolution=/tmp/ccm2TRBL.res] ==> ignore
    arg [-plugin-opt=-pass-through=-lgcc] ==> ignore
    arg [-plugin-opt=-pass-through=-lgcc_s] ==> ignore
    arg [-plugin-opt=-pass-through=-lc] ==> ignore
    arg [-plugin-opt=-pass-through=-lgcc] ==> ignore
    arg [-plugin-opt=-pass-through=-lgcc_s] ==> ignore
    arg [--eh-frame-hdr] ==> ignore
    arg [-m] ==> ignore
    arg [elf_x86_64] ==> ignore
    arg [-dynamic-linker] ==> ignore
    arg [/lib64/ld-linux-x86-64.so.2] ==> ignore
    arg [-o] ==> ignore
    arg [cmTC_fd01e] ==> ignore
    arg [/lib/x86_64-linux-gnu/crt1.o] ==> obj [/lib/x86_64-linux-gnu/crt1.o]
    arg [/lib/x86_64-linux-gnu/crti.o] ==> obj [/lib/x86_64-linux-gnu/crti.o]
    arg [/opt/gcc-14.1.0/bin/../lib/gcc/x86_64-linux-gnu/14.1.0/crtbegin.o] ==> obj [/opt/gcc-14.1.0/bin/../lib/gcc/x86_64-linux-gnu/14.1.0/crtbegin.o]
    arg [-L/opt/gcc-14.1.0/bin/../lib/gcc/x86_64-linux-gnu/14.1.0] ==> dir [/opt/gcc-14.1.0/bin/../lib/gcc/x86_64-linux-gnu/14.1.0]
    arg [-L/opt/gcc-14.1.0/bin/../lib/gcc/x86_64-linux-gnu] ==> dir [/opt/gcc-14.1.0/bin/../lib/gcc/x86_64-linux-gnu]
    arg [-L/opt/gcc-14.1.0/bin/../lib/gcc] ==> dir [/opt/gcc-14.1.0/bin/../lib/gcc]
    arg [-L/opt/gcc-14.1.0/bin/../lib/gcc/x86_64-linux-gnu/14.1.0/../../../../lib64] ==> dir [/opt/gcc-14.1.0/bin/../lib/gcc/x86_64-linux-gnu/14.1.0/../../../../lib64]
    arg [-L/lib/x86_64-linux-gnu] ==> dir [/lib/x86_64-linux-gnu]
    arg [-L/lib/../lib64] ==> dir [/lib/../lib64]
    arg [-L/usr/lib/x86_64-linux-gnu] ==> dir [/usr/lib/x86_64-linux-gnu]
    arg [-L/usr/lib/../lib64] ==> dir [/usr/lib/../lib64]
    arg [-L/opt/gcc-14.1.0/bin/../lib/gcc/x86_64-linux-gnu/14.1.0/../../..] ==> dir [/opt/gcc-14.1.0/bin/../lib/gcc/x86_64-linux-gnu/14.1.0/../../..]
    arg [CMakeFiles/cmTC_fd01e.dir/CMakeCCompilerABI.c.o] ==> ignore
    arg [-lgcc] ==> lib [gcc]
    arg [--push-state] ==> ignore
    arg [--as-needed] ==> ignore
    arg [-lgcc_s] ==> lib [gcc_s]
    arg [--pop-state] ==> ignore
    arg [-lc] ==> lib [c]
    arg [-lgcc] ==> lib [gcc]
    arg [--push-state] ==> ignore
    arg [--as-needed] ==> ignore
    arg [-lgcc_s] ==> lib [gcc_s]
    arg [--pop-state] ==> ignore
    arg [/opt/gcc-14.1.0/bin/../lib/gcc/x86_64-linux-gnu/14.1.0/crtend.o] ==> obj [/opt/gcc-14.1.0/bin/../lib/gcc/x86_64-linux-gnu/14.1.0/crtend.o]
    arg [/lib/x86_64-linux-gnu/crtn.o] ==> obj [/lib/x86_64-linux-gnu/crtn.o]
  collapse obj [/opt/gcc-14.1.0/bin/../lib/gcc/x86_64-linux-gnu/14.1.0/crtbegin.o] ==> [/opt/gcc-14.1.0/lib/gcc/x86_64-linux-gnu/14.1.0/crtbegin.o]
  collapse obj [/opt/gcc-14.1.0/bin/../lib/gcc/x86_64-linux-gnu/14.1.0/crtend.o] ==> [/opt/gcc-14.1.0/lib/gcc/x86_64-linux-gnu/14.1.0/crtend.o]
  collapse library dir [/opt/gcc-14.1.0/bin/../lib/gcc/x86_64-linux-gnu/14.1.0] ==> [/opt/gcc-14.1.0/lib/gcc/x86_64-linux-gnu/14.1.0]
  collapse library dir [/opt/gcc-14.1.0/bin/../lib/gcc/x86_64-linux-gnu] ==> [/opt/gcc-14.1.0/lib/gcc/x86_64-linux-gnu]
  collapse library dir [/opt/gcc-14.1.0/bin/../lib/gcc] ==> [/opt/gcc-14.1.0/lib/gcc]
  collapse library dir [/opt/gcc-14.1.0/bin/../lib/gcc/x86_64-linux-gnu/14.1.0/../../../../lib64] ==> [/opt/gcc-14.1.0/lib64]
  collapse library dir [/lib/x86_64-linux-gnu] ==> [/lib/x86_64-linux-gnu]
  collapse library dir [/lib/../lib64] ==> [/lib64]
  collapse library dir [/usr/lib/x86_64-linux-gnu] ==> [/usr/lib/x86_64-linux-gnu]
  collapse library dir [/usr/lib/../lib64] ==> [/usr/lib64]
  collapse library dir [/opt/gcc-14.1.0/bin/../lib/gcc/x86_64-linux-gnu/14.1.0/../../..] ==> [/opt/gcc-14.1.0/lib]
  implicit libs: [gcc;gcc_s;c;gcc;gcc_s]
  implicit objs: [/lib/x86_64-linux-gnu/crt1.o;/lib/x86_64-linux-gnu/crti.o;/opt/gcc-14.1.0/lib/gcc/x86_64-linux-gnu/14.1.0/crtbegin.o;/opt/gcc-14.1.0/lib/gcc/x86_64-linux-gnu/14.1.0/crtend.o;/lib/x86_64-linux-gnu/crtn.o]
  implicit dirs: [/opt/gcc-14.1.0/lib/gcc/x86_64-linux-gnu/14.1.0;/opt/gcc-14.1.0/lib/gcc/x86_64-linux-gnu;/opt/gcc-14.1.0/lib/gcc;/opt/gcc-14.1.0/lib64;/lib/x86_64-linux-gnu;/lib64;/usr/lib/x86_64-linux-gnu;/usr/lib64;/opt/gcc-14.1.0/lib]
  implicit fwks: []


Detecting CXX compiler ABI info compiled with the following output:
Change Dir: /root/projects/lab/oop/me/2/build/CMakeFiles/CMakeTmp

Run Build Command(s):/usr/bin/gmake -f Makefile cmTC_17a46/fast && /usr/bin/gmake  -f CMakeFiles/cmTC_17a46.dir/build.make CMakeFiles/cmTC_17a46.dir/build
gmake[1]: Entering directory '/usr/share/projects/lab/oop/me/2/build/CMakeFiles/CMakeTmp'
Building CXX object CMakeFiles/cmTC_17a46.dir/CMakeCXXCompilerABI.cpp.o
/opt/gcc-14.1.0/bin/g++   -v -o CMakeFiles/cmTC_17a46.dir/CMakeCXXCompilerABI.cpp.o -c /usr/share/cmake-3.22/Modules/CMakeCXXCompilerABI.cpp
Using built-in specs.
COLLECT_GCC=/opt/gcc-14.1.0/bin/g++
Target: x86_64-linux-gnu
Configured with: ./configure -v --build=x86_64-linux-gnu --host=x86_64-linux-gnu --target=x86_64-linux-gnu --prefix=/usr/local/gcc-14.1.0 --enable-checking=release --enable-languages=c,c++ --disable-multilib --program-suffix=-14.1.0
Thread model: posix
Supported LTO compression algorithms: zlib
gcc version 14.1.0 (GCC) 
COLLECT_GCC_OPTIONS='-v' '-o' 'CMakeFiles/cmTC_17a46.dir/CMakeCXXCompilerABI.cpp.o' '-c' '-shared-libgcc' '-mtune=generic' '-march=x86-64' '-dumpdir' 'CMakeFiles/cmTC_17a46.dir/'
 /opt/gcc-14.1.0/bin/../libexec/gcc/x86_64-linux-gnu/14.1.0/cc1plus -quiet -v -imultiarch x86_64-linux-gnu -iprefix /opt/gcc-14.1.0/bin/../lib/gcc/x86_64-linux-gnu/14.1.0/ -D_GNU_SOURCE /usr/share/cmake-3.22/Modules/CMakeCXXCompilerABI.cpp -quiet -dumpdir CMakeFiles/cmTC_17a46.dir/ -dumpbase CMakeCXXCompilerABI.cpp.cpp -dumpbase-ext .cpp -mtune=generic -march=x86-64 -version -o /tmp/cccBPP1y.s
GNU C++17 (GCC) version 14.1.0 (x86_64-linux-gnu)
	compiled by GNU C version 14.1.0, GMP version 6.2.1, MPFR version 4.1.0, MPC version 1.2.1, isl version none
GGC heuristics: --param ggc-min-expand=100 --param ggc-min-heapsize=131072
ignoring nonexistent directory "/opt/gcc-14.1.0/bin/../lib/gcc/x86_64-linux-gnu/14.1.0/../../../../x86_64-linux-gnu/include"
ignoring duplicate directory "/opt/gcc-14.1.0/bin/../lib/gcc/../../lib/gcc/x86_64-linux-gnu/14.1.0/../../../../include/c++/14.1.0"
ignoring duplicate directory "/opt/gcc-14.1.0/bin/../lib/gcc/../../lib/gcc/x86_64-linux-gnu/14.1.0/../../../../include/c++/14.1.0/x86_64-linux-gnu"
ignoring duplicate directory "/opt/gcc-14.1.0/bin/../lib/gcc/../../lib/gcc/x86_64-linux-gnu/14.1.0/../../../../include/c++/14.1.0/backward"
ignoring duplicate directory "/opt/gcc-14.1.0/bin/../lib/gcc/../../lib/gcc/x86_64-linux-gnu/14.1.0/include"
ignoring nonexistent directory "/usr/local/include/x86_64-linux-gnu"
ignoring duplicate directory "/opt/gcc-14.1.0/bin/../lib/gcc/../../lib/gcc/x86_64-linux-gnu/14.1.0/include-fixed/x86_64-linux-gnu"
ignoring duplicate directory "/opt/gcc-14.1.0/bin/../lib/gcc/../../lib/gcc/x86_64-linux-gnu/14.1.0/include-fixed"
ignoring nonexistent directory "/opt/gcc-14.1.0/bin/../lib/gcc/../../lib/gcc/x86_64-linux-gnu/14.1.0/../../../../x86_64-linux-gnu/include"
#include "..." search starts here:
#include <...> search starts here:
 /opt/gcc-14.1.0/bin/../lib/gcc/x86_64-linux-gnu/14.1.0/../../../../include/c++/14.1.0
 /opt/gcc-14.1.0/bin/../lib/gcc/x86_64-linux-gnu/14.1.0/../../../../include/c++/14.1.0/x86_64-linux-gnu
 /opt/gcc-14.1.0/bin/../lib/gcc/x86_64-linux-gnu/14.1.0/../../../../include/c++/14.1.0/backward
 /opt/gcc-14.1.0/bin/../lib/gcc/x86_64-linux-gnu/14.1.0/include
 /opt/gcc-14.1.0/bin/../lib/gcc/x86_64-linux-gnu/14.1.0/include-fixed/x86_64-linux-gnu
 /opt/gcc-14.1.0/bin/../lib/gcc/x86_64-linux-gnu/14.1.0/include-fixed
 /usr/local/include
 /opt/gcc-14.1.0/bin/../lib/gcc/../../include
 /usr/include/x86_64-linux-gnu
 /usr/include
End of search list.
Compiler executable checksum: b256f8464452292e0d059c6ab404a507
COLLECT_GCC_OPTIONS='-v' '-o' 'CMakeFiles/cmTC_17a46.dir/CMakeCXXCompilerABI.cpp.o' '-c' '-shared-libgcc' '-mtune=generic' '-march=x86-64' '-dumpdir' 'CMakeFiles/cmTC_17a46.dir/'
 as -v --64 -o CMakeFiles/cmTC_17a46.dir/CMakeCXXCompilerABI.cpp.o /tmp/cccBPP1y.s
GNU assembler version 2.38 (x86_64-linux-gnu) using BFD version (GNU Binutils for Ubuntu) 2.38
COMPILER_PATH=/opt/gcc-14.1.0/bin/../libexec/gcc/x86_64-linux-gnu/14.1.0/:/opt/gcc-14.1.0/bin/../libexec/gcc/x86_64-linux-gnu/:/opt/gcc-14.1.0/bin/../libexec/gcc/
LIBRARY_PATH=/opt/gcc-14.1.0/bin/../lib/gcc/x86_64-linux-gnu/14.1.0/:/opt/gcc-14.1.0/bin/../lib/gcc/x86_64-linux-gnu/:/opt/gcc-14.1.0/bin/../lib/gcc/:/opt/gcc-14.1.0/bin/../lib/gcc/x86_64-linux-gnu/14.1.0/../../../../lib64/:/lib/x86_64-linux-gnu/:/lib/../lib64/:/usr/lib/x86_64-linux-gnu/:/usr/lib/../lib64/:/opt/gcc-14.1.0/bin/../lib/gcc/x86_64-linux-gnu/14.1.0/../../../:/lib/:/usr/lib/
COLLECT_GCC_OPTIONS='-v' '-o' 'CMakeFiles/cmTC_17a46.dir/CMakeCXXCompilerABI.cpp.o' '-c' '-shared-libgcc' '-mtune=generic' '-march=x86-64' '-dumpdir' 'CMakeFiles/cmTC_17a46.dir/CMakeCXXCompilerABI.cpp.'
Linking CXX executable cmTC_17a46
/usr/bin/cmake -E cmake_link_script CMakeFiles/cmTC_17a46.dir/link.txt --verbose=1
/opt/gcc-14.1.0/bin/g++  -v CMakeFiles/cmTC_17a46.dir/CMakeCXXCompilerABI.cpp.o -o cmTC_17a46 
Using built-in specs.
COLLECT_GCC=/opt/gcc-14.1.0/bin/g++
COLLECT_LTO_WRAPPER=/opt/gcc-14.1.0/bin/../libexec/gcc/x86_64-linux-gnu/14.1.0/lto-wrapper
Target: x86_64-linux-gnu
Configured with: ./configure -v --build=x86_64-linux-gnu --host=x86_64-linux-gnu --target=x86_64-linux-gnu --prefix=/usr/local/gcc-14.1.0 --enable-checking=release --enable-languages=c,c++ --disable-multilib --program-suffix=-14.1.0
Thread model: posix
Supported LTO compression algorithms: zlib
gcc version 14.1.0 (GCC) 
COMPILER_PATH=/opt/gcc-14.1.0/bin/../libexec/gcc/x86_64-linux-gnu/14.1.0/:/opt/gcc-14.1.0/bin/../libexec/gcc/x86_64-linux-gnu/:/opt/gcc-14.1.0/bin/../libexec/gcc/
LIBRARY_PATH=/opt/gcc-14.1.0/bin/../lib/gcc/x86_64-linux-gnu/14.1.0/:/opt/gcc-14.1.0/bin/../lib/gcc/x86_64-linux-gnu/:/opt/gcc-14.1.0/bin/../lib/gcc/:/opt/gcc-14.1.0/bin/../lib/gcc/x86_64-linux-gnu/14.1.0/../../../../lib64/:/lib/x86_64-linux-gnu/:/lib/../lib64/:/usr/lib/x86_64-linux-gnu/:/usr/lib/../lib64/:/opt/gcc-14.1.0/bin/../lib/gcc/x86_64-linux-gnu/14.1.0/../../../:/lib/:/usr/lib/
COLLECT_GCC_OPTIONS='-v' '-o' 'cmTC_17a46' '-shared-libgcc' '-mtune=generic' '-march=x86-64' '-dumpdir' 'cmTC_17a46.'
 /opt/gcc-14.1.0/bin/../libexec/gcc/x86_64-linux-gnu/14.1.0/collect2 -plugin /opt/gcc-14.1.0/bin/../libexec/gcc/x86_64-linux-gnu/14.1.0/liblto_plugin.so -plugin-opt=/opt/gcc-14.1.0/bin/../libexec/gcc/x86_64-linux-gnu/14.1.0/lto-wrapper -plugin-opt=-fresolution=/tmp/ccSgGwSh.res -plugin-opt=-pass-through=-lgcc_s -plugin-opt=-pass-through=-lgcc -plugin-opt=-pass-through=-lc -plugin-opt=-pass-through=-lgcc_s -plugin-opt=-pass-through=-lgcc --eh-frame-hdr -m elf_x86_64 -dynamic-linker /lib64/ld-linux-x86-64.so.2 -o cmTC_17a46 /lib/x86_64-linux-gnu/crt1.o /lib/x86_64-linux-gnu/crti.o /opt/gcc-14.1.0/bin/../lib/gcc/x86_64-linux-gnu/14.1.0/crtbegin.o -L/opt/gcc-14.1.0/bin/../lib/gcc/x86_64-linux-gnu/14.1.0 -L/opt/gcc-14.1.0/bin/../lib/gcc/x86_64-linux-gnu -L/opt/gcc-14.1.0/bin/../lib/gcc -L/opt/gcc-14.1.0/bin/../lib/gcc/x86_64-linux-gnu/14.1.0/../../../../lib64 -L/lib/x86_64-linux-gnu -L/lib/../lib64 -L/usr/lib/x86_64-linux-gnu -L/usr/lib/../lib64 -L/opt/gcc-14.1.0/bin/../lib/gcc/x86_64-linux-gnu/14.1.0/../../.. CMakeFiles/cmTC_17a46.dir/CMakeCXXCompilerABI.cpp.o -lstdc++ -lm -lgcc_s -lgcc -lc -lgcc_s -lgcc /opt/gcc-14.1.0/bin/../lib/gcc/x86_64-linux-gnu/14.1.0/crtend.o /lib/x86_64-linux-gnu/crtn.o
COLLECT_GCC_OPTIONS='-v' '-o' 'cmTC_17a46' '-shared-libgcc' '-mtune=generic' '-march=x86-64' '-dumpdir' 'cmTC_17a46.'
gmake[1]: Leaving directory '/usr/share/projects/lab/oop/me/2/build/CMakeFiles/CMakeTmp'



Parsed CXX implicit include dir info from above output: rv=done
  found start of include info
  found start of implicit include info
    add: [/opt/gcc-14.1.0/bin/../lib/gcc/x86_64-linux-gnu/14.1.0/../../../../include/c++/14.1.0]
    add: [/opt/gcc-14.1.0/bin/../lib/gcc/x86_64-linux-gnu/14.1.0/../../../../include/c++/14.1.0/x86_64-linux-gnu]
    add: [/opt/gcc-14.1.0/bin/../lib/gcc/x86_64-linux-gnu/14.1.0/../../../../include/c++/14.1.0/backward]
    add: [/opt/gcc-14.1.0/bin/../lib/gcc/x86_64-linux-gnu/14.1.0/include]
    add: [/opt/gcc-14.1.0/bin/../lib/gcc/x86_64-linux-gnu/14.1.0/include-fixed/x86_64-linux-gnu]
    add: [/opt/gcc-14.1.0/bin/../lib/gcc/x86_64-linux-gnu/14.1.0/include-fixed]
    add: [/usr/local/include]
    add: [/opt/gcc-14.1.0/bin/../lib/gcc/../../include]
    add: [/usr/include/x86_64-linux-gnu]
    add: [/usr/include]
  end of search list found
  collapse include dir [/opt/gcc-14.1.0/bin/../lib/gcc/x86_64-linux-gnu/14.1.0/../../../../include/c++/14.1.0] ==> [/opt/gcc-14.1.0/include/c++/14.1.0]
  collapse include dir [/opt/gcc-14.1.0/bin/../lib/gcc/x86_64-linux-gnu/14.1.0/../../../../include/c++/14.1.0/x86_64-linux-gnu] ==> [/opt/gcc-14.1.0/include/c++/14.1.0/x86_64-linux-gnu]
  collapse include dir [/opt/gcc-14.1.0/bin/../lib/gcc/x86_64-linux-gnu/14.1.0/../../../../include/c++/14.1.0/backward] ==> [/opt/gcc-14.1.0/include/c++/14.1.0/backward]
  collapse include dir [/opt/gcc-14.1.0/bin/../lib/gcc/x86_64-linux-gnu/14.1.0/include] ==> [/opt/gcc-14.1.0/lib/gcc/x86_64-linux-gnu/14.1.0/include]
  collapse include dir [/opt/gcc-14.1.0/bin/../lib/gcc/x86_64-linux-gnu/14.1.0/include-fixed/x86_64-linux-gnu] ==> [/opt/gcc-14.1.0/lib/gcc/x86_64-linux-gnu/14.1.0/include-fixed/x86_64-linux-gnu]
  collapse include dir [/opt/gcc-14.1.0/bin/../lib/gcc/x86_64-linux-gnu/14.1.0/include-fixed] ==> [/opt/gcc-14.1.0/lib/gcc/x86_64-linux-gnu/14.1.0/include-fixed]
  collapse include dir [/usr/local/include] ==> [/usr/local/include]
  collapse include dir [/opt/gcc-14.1.0/bin/../lib/gcc/../../include] ==> [/opt/gcc-14.1.0/include]
  collapse include dir [/usr/include/x86_64-linux-gnu] ==> [/usr/include/x86_64-linux-gnu]
  collapse include dir [/usr/include] ==> [/usr/include]
  implicit include dirs: [/opt/gcc-14.1.0/include/c++/14.1.0;/opt/gcc-14.1.0/include/c++/14.1.0/x86_64-linux-gnu;/opt/gcc-14.1.0/include/c++/14.1.0/backward;/opt/gcc-14.1.0/lib/gcc/x86_64-linux-gnu/14.1.0/include;/opt/gcc-14.1.0/lib/gcc/x86_64-linux-gnu/14.1.0/include-fixed/x86_64-linux-gnu;/opt/gcc-14.1.0/lib/gcc/x86_64-linux-gnu/14.1.0/include-fixed;/usr/local/include;/opt/gcc-14.1.0/include;/usr/include/x86_64-linux-gnu;/usr/include]


Parsed CXX implicit link information from above output:
  link line regex: [^( *|.*[/\])(ld|CMAKE_LINK_STARTFILE-NOTFOUND|([^/\]+-)?ld|collect2)[^/\]*( |$)]
  ignore line: [Change Dir: /root/projects/lab/oop/me/2/build/CMakeFiles/CMakeTmp]
  ignore line: []
  ignore line: [Run Build Command(s):/usr/bin/gmake -f Makefile cmTC_17a46/fast && /usr/bin/gmake  -f CMakeFiles/cmTC_17a46.dir/build.make CMakeFiles/cmTC_17a46.dir/build]
  ignore line: [gmake[1]: Entering directory '/usr/share/projects/lab/oop/me/2/build/CMakeFiles/CMakeTmp']
  ignore line: [Building CXX object CMakeFiles/cmTC_17a46.dir/CMakeCXXCompilerABI.cpp.o]
  ignore line: [/opt/gcc-14.1.0/bin/g++   -v -o CMakeFiles/cmTC_17a46.dir/CMakeCXXCompilerABI.cpp.o -c /usr/share/cmake-3.22/Modules/CMakeCXXCompilerABI.cpp]
  ignore line: [Using built-in specs.]
  ignore line: [COLLECT_GCC=/opt/gcc-14.1.0/bin/g++]
  ignore line: [Target: x86_64-linux-gnu]
  ignore line: [Configured with: ./configure -v --build=x86_64-linux-gnu --host=x86_64-linux-gnu --target=x86_64-linux-gnu --prefix=/usr/local/gcc-14.1.0 --enable-checking=release --enable-languages=c c++ --disable-multilib --program-suffix=-14.1.0]
  ignore line: [Thread model: posix]
  ignore line: [Supported LTO compression algorithms: zlib]
  ignore line: [gcc version 14.1.0 (GCC) ]
  ignore line: [COLLECT_GCC_OPTIONS='-v' '-o' 'CMakeFiles/cmTC_17a46.dir/CMakeCXXCompilerABI.cpp.o' '-c' '-shared-libgcc' '-mtune=generic' '-march=x86-64' '-dumpdir' 'CMakeFiles/cmTC_17a46.dir/']
  ignore line: [ /opt/gcc-14.1.0/bin/../libexec/gcc/x86_64-linux-gnu/14.1.0/cc1plus -quiet -v -imultiarch x86_64-linux-gnu -iprefix /opt/gcc-14.1.0/bin/../lib/gcc/x86_64-linux-gnu/14.1.0/ -D_GNU_SOURCE /usr/share/cmake-3.22/Modules/CMakeCXXCompilerABI.cpp -quiet -dumpdir CMakeFiles/cmTC_17a46.dir/ -dumpbase CMakeCXXCompilerABI.cpp.cpp -dumpbase-ext .cpp -mtune=generic -march=x86-64 -version -o /tmp/cccBPP1y.s]
  ignore line: [GNU C++17 (GCC) version 14.1.0 (x86_64-linux-gnu)]
  ignore line: [	compiled by GNU C version 14.1.0  GMP version 6.2.1  MPFR version 4.1.0  MPC version 1.2.1  isl version none]
  ignore line: [GGC heuristics: --param ggc-min-expand=100 --param ggc-min-heapsize=131072]
  ignore line: [ignoring nonexistent directory "/opt/gcc-14.1.0/bin/../lib/gcc/x86_64-linux-gnu/14.1.0/../../../../x86_64-linux-gnu/include"]
  ignore line: [ignoring duplicate directory "/opt/gcc-14.1.0/bin/../lib/gcc/../../lib/gcc/x86_64-linux-gnu/14.1.0/../../../../include/c++/14.1.0"]
  ignore line: [ignoring duplicate directory "/opt/gcc-14.1.0/bin/../lib/gcc/../../lib/gcc/x86_64-linux-gnu/14.1.0/../../../../include/c++/14.1.0/x86_64-linux-gnu"]
  ignore line: [ignoring duplicate directory "/opt/gcc-14.1.0/bin/../lib/gcc/../../lib/gcc/x86_64-linux-gnu/14.1.0/../../../../include/c++/14.1.0/backward"]
  ignore line: [ignoring duplicate directory "/opt/gcc-14.1.0/bin/../lib/gcc/../../lib/gcc/x86_64-linux-gnu/14.1.0/include"]
  ignore line: [ignoring nonexistent directory "/usr/local/include/x86_64-linux-gnu"]
  ignore line: [ignoring duplicate directory "/opt/gcc-14.1.0/bin/../lib/gcc/../../lib/gcc/x86_64-linux-gnu/14.1.0/include-fixed/x86_64-linux-gnu"]
  ignore line: [ignoring duplicate directory "/opt/gcc-14.1.0/bin/../lib/gcc/../../lib/gcc/x86_64-linux-gnu/14.1.0/include-fixed"]
  ignore line: [ignoring nonexistent directory "/opt/gcc-14.1.0/bin/../lib/gcc/../../lib/gcc/x86_64-linux-gnu/14.1.0/../../../../x86_64-linux-gnu/include"]
  ignore line: [#include "..." search starts here:]
  ignore line: [#include <...> search starts here:]
  ignore line: [ /opt/gcc-14.1.0/bin/../lib/gcc/x86_64-linux-gnu/14.1.0/../../../../include/c++/14.1.0]
  ignore line: [ /opt/gcc-14.1.0/bin/../lib/gcc/x86_64-linux-gnu/14.1.0/../../../../include/c++/14.1.0/x86_64-linux-gnu]
  ignore line: [ /opt/gcc-14.1.0/bin/../lib/gcc/x86_64-linux-gnu/14.1.0/../../../../include/c++/14.1.0/backward]
  ignore line: [ /opt/gcc-14.1.0/bin/../lib/gcc/x86_64-linux-gnu/14.1.0/include]
  ignore line: [ /opt/gcc-14.1.0/bin/../lib/gcc/x86_64-linux-gnu/14.1.0/include-fixed/x86_64-linux-gnu]
  ignore line: [ /opt/gcc-14.1.0/bin/../lib/gcc/x86_64-linux-gnu/14.1.0/include-fixed]
  ignore line: [ /usr/local/include]
  ignore line: [ /opt/gcc-14.1.0/bin/../lib/gcc/../../include]
  ignore line: [ /usr/include/x86_64-linux-gnu]
  ignore line: [ /usr/include]
  ignore line: [End of search list.]
  ignore line: [Compiler executable checksum: b256f8464452292e0d059c6ab404a507]
  ignore line: [COLLECT_GCC_OPTIONS='-v' '-o' 'CMakeFiles/cmTC_17a46.dir/CMakeCXXCompilerABI.cpp.o' '-c' '-shared-libgcc' '-mtune=generic' '-march=x86-64' '-dumpdir' 'CMakeFiles/cmTC_17a46.dir/']
  ignore line: [ as -v --64 -o CMakeFiles/cmTC_17a46.dir/CMakeCXXCompilerABI.cpp.o /tmp/cccBPP1y.s]
  ignore line: [GNU assembler version 2.38 (x86_64-linux-gnu) using BFD version (GNU Binutils for Ubuntu) 2.38]
  ignore line: [COMPILER_PATH=/opt/gcc-14.1.0/bin/../libexec/gcc/x86_64-linux-gnu/14.1.0/:/opt/gcc-14.1.0/bin/../libexec/gcc/x86_64-linux-gnu/:/opt/gcc-14.1.0/bin/../libexec/gcc/]
  ignore line: [LIBRARY_PATH=/opt/gcc-14.1.0/bin/../lib/gcc/x86_64-linux-gnu/14.1.0/:/opt/gcc-14.1.0/bin/../lib/gcc/x86_64-linux-gnu/:/opt/gcc-14.1.0/bin/../lib/gcc/:/opt/gcc-14.1.0/bin/../lib/gcc/x86_64-linux-gnu/14.1.0/../../../../lib64/:/lib/x86_64-linux-gnu/:/lib/../lib64/:/usr/lib/x86_64-linux-gnu/:/usr/lib/../lib64/:/opt/gcc-14.1.0/bin/../lib/gcc/x86_64-linux-gnu/14.1.0/../../../:/lib/:/usr/lib/]
  ignore line: [COLLECT_GCC_OPTIONS='-v' '-o' 'CMakeFiles/cmTC_17a46.dir/CMakeCXXCompilerABI.cpp.o' '-c' '-shared-libgcc' '-mtune=generic' '-march=x86-64' '-dumpdir' 'CMakeFiles/cmTC_17a46.dir/CMakeCXXCompilerABI.cpp.']
  ignore line: [Linking CXX executable cmTC_17a46]
  ignore line: [/usr/bin/cmake -E cmake_link_script CMakeFiles/cmTC_17a46.dir/link.txt --verbose=1]
  ignore line: [/opt/gcc-14.1.0/bin/g++  -v CMakeFiles/cmTC_17a46.dir/CMakeCXXCompilerABI.cpp.o -o cmTC_17a46 ]
  ignore line: [Using built-in specs.]
  ignore line: [COLLECT_GCC=/opt/gcc-14.1.0/bin/g++]
  ignore line: [COLLECT_LTO_WRAPPER=/opt/gcc-14.1.0/bin/../libexec/gcc/x86_64-linux-gnu/14.1.0/lto-wrapper]
  ignore line: [Target: x86_64-linux-gnu]
  ignore line: [Configured with: ./configure -v --build=x86_64-linux-gnu --host=x86_64-linux-gnu --target=x86_64-linux-gnu --prefix=/usr/local/gcc-14.1.0 --enable-checking=release --enable-languages=c c++ --disable-multilib --program-suffix=-14.1.0]
  ignore line: [Thread model: posix]
  ignore line: [Supported LTO compression algorithms: zlib]
  ignore line: [gcc version 14.1.0 (GCC) ]
  ignore line: [COMPILER_PATH=/opt/gcc-14.1.0/bin/../libexec/gcc/x86_64-linux-gnu/14.1.0/:/opt/gcc-14.1.0/bin/../libexec/gcc/x86_64-linux-gnu/:/opt/gcc-14.1.0/bin/../libexec/gcc/]
  ignore line: [LIBRARY_PATH=/opt/gcc-14.1.0/bin/../lib/gcc/x86_64-linux-gnu/14.1.0/:/opt/gcc-14.1.0/bin/../lib/gcc/x86_64-linux-gnu/:/opt/gcc-14.1.0/bin/../lib/gcc/:/opt/gcc-14.1.0/bin/../lib/gcc/x86_64-linux-gnu/14.1.0/../../../../lib64/:/lib/x86_64-linux-gnu/:/lib/../lib64/:/usr/lib/x86_64-linux-gnu/:/usr/lib/../lib64/:/opt/gcc-14.1.0/bin/../lib/gcc/x86_64-linux-gnu/14.1.0/../../../:/lib/:/usr/lib/]
  ignore line: [COLLECT_GCC_OPTIONS='-v' '-o' 'cmTC_17a46' '-shared-libgcc' '-mtune=generic' '-march=x86-64' '-dumpdir' 'cmTC_17a46.']
  link line: [ /opt/gcc-14.1.0/bin/../libexec/gcc/x86_64-linux-gnu/14.1.0/collect2 -plugin /opt/gcc-14.1.0/bin/../libexec/gcc/x86_64-linux-gnu/14.1.0/liblto_plugin.so -plugin-opt=/opt/gcc-14.1.0/bin/../libexec/gcc/x86_64-linux-gnu/14.1.0/lto-wrapper -plugin-opt=-fresolution=/tmp/ccSgGwSh.res -plugin-opt=-pass-through=-lgcc_s -plugin-opt=-pass-through=-lgcc -plugin-opt=-pass-through=-lc -plugin-opt=-pass-through=-lgcc_s -plugin-opt=-pass-through=-lgcc --eh-frame-hdr -m elf_x86_64 -dynamic-linker /lib64/ld-linux-x86-64.so.2 -o cmTC_17a46 /lib/x86_64-linux-gnu/crt1.o /lib/x86_64-linux-gnu/crti.o /opt/gcc-14.1.0/bin/../lib/gcc/x86_64-linux-gnu/14.1.0/crtbegin.o -L/opt/gcc-14.1.0/bin/../lib/gcc/x86_64-linux-gnu/14.1.0 -L/opt/gcc-14.1.0/bin/../lib/gcc/x86_64-linux-gnu -L/opt/gcc-14.1.0/bin/../lib/gcc -L/opt/gcc-14.1.0/bin/../lib/gcc/x86_64-linux-gnu/14.1.0/../../../../lib64 -L/lib/x86_64-linux-gnu -L/lib/../lib64 -L/usr/lib/x86_64-linux-gnu -L/usr/lib/../lib64 -L/opt/gcc-14.1.0/bin/../lib/gcc/x86_64-linux-gnu/14.1.0/../../.. CMakeFiles/cmTC_17a46.dir/CMakeCXXCompilerABI.cpp.o -lstdc++ -lm -lgcc_s -lgcc -lc -lgcc_s -lgcc /opt/gcc-14.1.0/bin/../lib/gcc/x86_64-linux-gnu/14.1.0/crtend.o /lib/x86_64-linux-gnu/crtn.o]
    arg [/opt/gcc-14.1.0/bin/../libexec/gcc/x86_64-linux-gnu/14.1.0/collect2] ==> ignore
    arg [-plugin] ==> ignore
    arg [/opt/gcc-14.1.0/bin/../libexec/gcc/x86_64-linux-gnu/14.1.0/liblto_plugin.so] ==> ignore
    arg [-plugin-opt=/opt/gcc-14.1.0/bin/../libexec/gcc/x86_64-linux-gnu/14.1.0/lto-wrapper] ==> ignore
    arg [-plugin-opt=-fresolution=/tmp/ccSgGwSh.res] ==> ignore
    arg [-plugin-opt=-pass-through=-lgcc_s] ==> ignore
    arg [-plugin-opt=-pass-through=-lgcc] ==> ignore
    arg [-plugin-opt=-pass-through=-lc] ==> ignore
    arg [-plugin-opt=-pass-through=-lgcc_s] ==> ignore
    arg [-plugin-opt=-pass-through=-lgcc] ==> ignore
    arg [--eh-frame-hdr] ==> ignore
    arg [-m] ==> ignore
    arg [elf_x86_64] ==> ignore
    arg [-dynamic-linker] ==> ignore
    arg [/lib64/ld-linux-x86-64.so.2] ==> ignore
    arg [-o] ==> ignore
    arg [cmTC_17a46] ==> ignore
    arg [/lib/x86_64-linux-gnu/crt1.o] ==> obj [/lib/x86_64-linux-gnu/crt1.o]
    arg [/lib/x86_64-linux-gnu/crti.o] ==> obj [/lib/x86_64-linux-gnu/crti.o]
    arg [/opt/gcc-14.1.0/bin/../lib/gcc/x86_64-linux-gnu/14.1.0/crtbegin.o] ==> obj [/opt/gcc-14.1.0/bin/../lib/gcc/x86_64-linux-gnu/14.1.0/crtbegin.o]
    arg [-L/opt/gcc-14.1.0/bin/../lib/gcc/x86_64-linux-gnu/14.1.0] ==> dir [/opt/gcc-14.1.0/bin/../lib/gcc/x86_64-linux-gnu/14.1.0]
    arg [-L/opt/gcc-14.1.0/bin/../lib/gcc/x86_64-linux-gnu] ==> dir [/opt/gcc-14.1.0/bin/../lib/gcc/x86_64-linux-gnu]
    arg [-L/opt/gcc-14.1.0/bin/../lib/gcc] ==> dir [/opt/gcc-14.1.0/bin/../lib/gcc]
    arg [-L/opt/gcc-14.1.0/bin/../lib/gcc/x86_64-linux-gnu/14.1.0/../../../../lib64] ==> dir [/opt/gcc-14.1.0/bin/../lib/gcc/x86_64-linux-gnu/14.1.0/../../../../lib64]
    arg [-L/lib/x86_64-linux-gnu] ==> dir [/lib/x86_64-linux-gnu]
    arg [-L/lib/../lib64] ==> dir [/lib/../lib64]
    arg [-L/usr/lib/x86_64-linux-gnu] ==> dir [/usr/lib/x86_64-linux-gnu]
    arg [-L/usr/lib/../lib64] ==> dir [/usr/lib/../lib64]
    arg [-L/opt/gcc-14.1.0/bin/../lib/gcc/x86_64-linux-gnu/14.1.0/../../..] ==> dir [/opt/gcc-14.1.0/bin/../lib/gcc/x86_64-linux-gnu/14.1.0/../../..]
    arg [CMakeFiles/cmTC_17a46.dir/CMakeCXXCompilerABI.cpp.o] ==> ignore
    arg [-lstdc++] ==> lib [stdc++]
    arg [-lm] ==> lib [m]
    arg [-lgcc_s] ==> lib [gcc_s]
    arg [-lgcc] ==> lib [gcc]
    arg [-lc] ==> lib [c]
    arg [-lgcc_s] ==> lib [gcc_s]
    arg [-lgcc] ==> lib [gcc]
    arg [/opt/gcc-14.1.0/bin/../lib/gcc/x86_64-linux-gnu/14.1.0/crtend.o] ==> obj [/opt/gcc-14.1.0/bin/../lib/gcc/x86_64-linux-gnu/14.1.0/crtend.o]
    arg [/lib/x86_64-linux-gnu/crtn.o] ==> obj [/lib/x86_64-linux-gnu/crtn.o]
  collapse obj [/opt/gcc-14.1.0/bin/../lib/gcc/x86_64-linux-gnu/14.1.0/crtbegin.o] ==> [/opt/gcc-14.1.0/lib/gcc/x86_64-linux-gnu/14.1.0/crtbegin.o]
  collapse obj [/opt/gcc-14.1.0/bin/../lib/gcc/x86_64-linux-gnu/14.1.0/crtend.o] ==> [/opt/gcc-14.1.0/lib/gcc/x86_64-linux-gnu/14.1.0/crtend.o]
  collapse library dir [/opt/gcc-14.1.0/bin/../lib/gcc/x86_64-linux-gnu/14.1.0] ==> [/opt/gcc-14.1.0/lib/gcc/x86_64-linux-gnu/14.1.0]
  collapse library dir [/opt/gcc-14.1.0/bin/../lib/gcc/x86_64-linux-gnu] ==> [/opt/gcc-14.1.0/lib/gcc/x86_64-linux-gnu]
  collapse library dir [/opt/gcc-14.1.0/bin/../lib/gcc] ==> [/opt/gcc-14.1.0/lib/gcc]
  collapse library dir [/opt/gcc-14.1.0/bin/../lib/gcc/x86_64-linux-gnu/14.1.0/../../../../lib64] ==> [/opt/gcc-14.1.0/lib64]
  collapse library dir [/lib/x86_64-linux-gnu] ==> [/lib/x86_64-linux-gnu]
  collapse library dir [/lib/../lib64] ==> [/lib64]
  collapse library dir [/usr/lib/x86_64-linux-gnu] ==> [/usr/lib/x86_64-linux-gnu]
  collapse library dir [/usr/lib/../lib64] ==> [/usr/lib64]
  collapse library dir [/opt/gcc-14.1.0/bin/../lib/gcc/x86_64-linux-gnu/14.1.0/../../..] ==> [/opt/gcc-14.1.0/lib]
  implicit libs: [stdc++;m;gcc_s;gcc;c;gcc_s;gcc]
  implicit objs: [/lib/x86_64-linux-gnu/crt1.o;/lib/x86_64-linux-gnu/crti.o;/opt/gcc-14.1.0/lib/gcc/x86_64-linux-gnu/14.1.0/crtbegin.o;/opt/gcc-14.1.0/lib/gcc/x86_64-linux-gnu/14.1.0/crtend.o;/lib/x86_64-linux-gnu/crtn.o]
  implicit dirs: [/opt/gcc-14.1.0/lib/gcc/x86_64-linux-gnu/14.1.0;/opt/gcc-14.1.0/lib/gcc/x86_64-linux-gnu;/opt/gcc-14.1.0/lib/gcc;/opt/gcc-14.1.0/lib64;/lib/x86_64-linux-gnu;/lib64;/usr/lib/x86_64-linux-gnu;/usr/lib64;/opt/gcc-14.1.0/lib]
  implicit fwks: []


Determining if the include file pthread.h exists passed with the following output:
Change Dir: /root/projects/lab/oop/me/2/build/CMakeFiles/CMakeTmp

Run Build Command(s):/usr/bin/gmake -f Makefile cmTC_8257e/fast && /usr/bin/gmake  -f CMakeFiles/cmTC_8257e.dir/build.make CMakeFiles/cmTC_8257e.dir/build
gmake[1]: Entering directory '/usr/share/projects/lab/oop/me/2/build/CMakeFiles/CMakeTmp'
Building C object CMakeFiles/cmTC_8257e.dir/CheckIncludeFile.c.o
/opt/gcc-14.1.0/bin/gcc    -o CMakeFiles/cmTC_8257e.dir/CheckIncludeFile.c.o -c /root/projects/lab/oop/me/2/build/CMakeFiles/CMakeTmp/CheckIncludeFile.c
Linking C executable cmTC_8257e
/usr/bin/cmake -E cmake_link_script CMakeFiles/cmTC_8257e.dir/link.txt --verbose=1
/opt/gcc-14.1.0/bin/gcc -rdynamic CMakeFiles/cmTC_8257e.dir/CheckIncludeFile.c.o -o cmTC_8257e 
gmake[1]: Leaving directory '/usr/share/projects/lab/oop/me/2/build/CMakeFiles/CMakeTmp'



Performing C SOURCE FILE Test CMAKE_HAVE_LIBC_PTHREAD succeeded with the following output:
Change Dir: /root/projects/lab/oop/me/2/build/CMakeFiles/CMakeTmp

Run Build Command(s):/usr/bin/gmake -f Makefile cmTC_d2f65/fast && /usr/bin/gmake  -f CMakeFiles/cmTC_d2f65.dir/build.make CMakeFiles/cmTC_d2f65.dir/build
gmake[1]: Entering directory '/usr/share/projects/lab/oop/me/2/build/CMakeFiles/CMakeTmp'
Building C object CMakeFiles/cmTC_d2f65.dir/src.c.o
/opt/gcc-14.1.0/bin/gcc -DCMAKE_HAVE_LIBC_PTHREAD   -o CMakeFiles/cmTC_d2f65.dir/src.c.o -c /root/projects/lab/oop/me/2/build/CMakeFiles/CMakeTmp/src.c
Linking C executable cmTC_d2f65
/usr/bin/cmake -E cmake_link_script CMakeFiles/cmTC_d2f65.dir/link.txt --verbose=1
/opt/gcc-14.1.0/bin/gcc -rdynamic CMakeFiles/cmTC_d2f65.dir/src.c.o -o cmTC_d2f65 
gmake[1]: Leaving directory '/usr/share/projects/lab/oop/me/2/build/CMakeFiles/CMakeTmp'


Source file was:
#include <pthread.h>

static void* test_func(void* data)
{
  return data;
}

int main(void)
{
  pthread_t thread;
  pthread_create(&thread, NULL, test_func, NULL);
  pthread_detach(thread);
  pthread_cancel(thread);
  pthread_join(thread, NULL);
  pthread_atfork(NULL, NULL, NULL);
  pthread_exit(NULL);

  return 0;
}

